<?xml version="1.0" encoding="UTF-8"?>
<!-- Generated by org.testng.reporters.JUnitReportReporter -->
<testsuite skipped="1" hostname="DESKTOP-P004O12" name="runner.TestRunner" tests="1" failures="0" timestamp="01 Jul 2021 08:14:09 GMT" time="0.000" errors="0">
  <testcase name="feature" time="0.000" classname="runner.TestRunner">
    <skipped/>
  </testcase> <!-- feature -->
</testsuite> <!-- runner.TestRunner -->
