<?xml version="1.0" encoding="UTF-8"?>
<!-- Generated by org.testng.reporters.JUnitReportReporter -->
<testsuite skipped="0" hostname="DESKTOP-P004O12" name="runner.TestRunner" tests="3" failures="0" timestamp="05 Jul 2021 01:02:09 GMT" time="139.676" errors="0">
  <testcase name="feature" time="98.621" classname="runner.TestRunner"/>
  <testcase name="feature" time="12.978" classname="runner.TestRunner"/>
  <testcase name="feature" time="28.077" classname="runner.TestRunner"/>
</testsuite> <!-- runner.TestRunner -->
